Traceback (most recent call last):
  File "/home/codespace/.local/lib/python3.12/site-packages/jupyter_core/utils/__init__.py", line 154, in wrapped
    asyncio.get_running_loop()
RuntimeError: no running event loop

During handling of the above exception, another exception occurred:

Traceback (most recent call last):
  File "/home/codespace/.python/current/lib/python3.12/site-packages/jupyter_cache/executors/utils.py", line 58, in single_nb_execution
    executenb(
  File "/home/codespace/.local/lib/python3.12/site-packages/nbclient/client.py", line 1319, in execute
    return NotebookClient(nb=nb, resources=resources, km=km, **kwargs).execute()
           ^^^^^^^^^^^^^^^^^^^^^^^^^^^^^^^^^^^^^^^^^^^^^^^^^^^^^^^^^^^^^^^^^^^^^
  File "/home/codespace/.local/lib/python3.12/site-packages/jupyter_core/utils/__init__.py", line 158, in wrapped
    return loop.run_until_complete(inner)
           ^^^^^^^^^^^^^^^^^^^^^^^^^^^^^^
  File "/home/codespace/.python/current/lib/python3.12/asyncio/base_events.py", line 684, in run_until_complete
    return future.result()
           ^^^^^^^^^^^^^^^
  File "/home/codespace/.local/lib/python3.12/site-packages/nbclient/client.py", line 709, in async_execute
    await self.async_execute_cell(
  File "/home/codespace/.local/lib/python3.12/site-packages/nbclient/client.py", line 1062, in async_execute_cell
    await self._check_raise_for_error(cell, cell_index, exec_reply)
  File "/home/codespace/.local/lib/python3.12/site-packages/nbclient/client.py", line 918, in _check_raise_for_error
    raise CellExecutionError.from_cell_and_msg(cell, exec_reply_content)
nbclient.exceptions.CellExecutionError: An error occurred while executing the following cell:
------------------
from imblearn.over_sampling import ADASYN
from collections import Counter
import pandas as pd

# Baca dataset Ecoli
df = pd.read_csv("ecoli.data", sep="\s+", header=None)

# Ambil fitur (kolom 1–7) dan target (kolom 8)
X = df.iloc[:, 1:8]
y = df.iloc[:, 8]

# Inisialisasi ADASYN
adasyn = ADASYN(random_state=42, n_neighbors=2)

# Terapkan ADASYN pada data
X_resampled, y_resampled = adasyn.fit_resample(X, y)

print("Distribusi kelas setelah ADASYN:")
print(Counter(y_resampled))
print(f"Total sampel setelah ADASYN: {len(y_resampled)}")

# Konversi hasil ADASYN kembali ke DataFrame
columns_names = X.columns.tolist()
df_resampled = pd.DataFrame(X_resampled, columns=columns_names)
df_resampled['Class'] = y_resampled   # ganti 'Species' → 'Class'

print("\nContoh data sintetis yang dihasilkan ADASYN:")
print(df_resampled.tail(10))  # Tampilkan 10 baris terakhir

------------------

----- stderr -----
<>:6: SyntaxWarning: invalid escape sequence '\s'
<>:6: SyntaxWarning: invalid escape sequence '\s'
/tmp/ipykernel_26482/929993729.py:6: SyntaxWarning: invalid escape sequence '\s'
  df = pd.read_csv("ecoli.data", sep="\s+", header=None)
----- stderr -----
/tmp/ipykernel_26482/929993729.py:6: SyntaxWarning: invalid escape sequence '\s'
  df = pd.read_csv("ecoli.data", sep="\s+", header=None)
------------------

[31m---------------------------------------------------------------------------[39m
[31mValueError[39m                                Traceback (most recent call last)
[36mCell[39m[36m [39m[32mIn[6][39m[32m, line 16[39m
[32m     13[39m adasyn = ADASYN(random_state=[32m42[39m, n_neighbors=[32m2[39m)
[32m     15[39m [38;5;66;03m# Terapkan ADASYN pada data[39;00m
[32m---> [39m[32m16[39m X_resampled, y_resampled = [43madasyn[49m[43m.[49m[43mfit_resample[49m[43m([49m[43mX[49m[43m,[49m[43m [49m[43my[49m[43m)[49m
[32m     18[39m [38;5;28mprint[39m([33m"[39m[33mDistribusi kelas setelah ADASYN:[39m[33m"[39m)
[32m     19[39m [38;5;28mprint[39m(Counter(y_resampled))

[36mFile [39m[32m~/.python/current/lib/python3.12/site-packages/imblearn/base.py:202[39m, in [36mBaseSampler.fit_resample[39m[34m(self, X, y, **params)[39m
[32m    181[39m [38;5;28;01mdef[39;00m[38;5;250m [39m[34mfit_resample[39m([38;5;28mself[39m, X, y, **params):
[32m    182[39m [38;5;250m    [39m[33;03m"""Resample the dataset.[39;00m
[32m    183[39m 
[32m    184[39m [33;03m    Parameters[39;00m
[32m   (...)[39m[32m    200[39m [33;03m        The corresponding label of `X_resampled`.[39;00m
[32m    201[39m [33;03m    """[39;00m
[32m--> [39m[32m202[39m     [38;5;28;01mreturn[39;00m [38;5;28;43msuper[39;49m[43m([49m[43m)[49m[43m.[49m[43mfit_resample[49m[43m([49m[43mX[49m[43m,[49m[43m [49m[43my[49m[43m,[49m[43m [49m[43m*[49m[43m*[49m[43mparams[49m[43m)[49m

[36mFile [39m[32m~/.local/lib/python3.12/site-packages/sklearn/base.py:1363[39m, in [36m_fit_context.<locals>.decorator.<locals>.wrapper[39m[34m(estimator, *args, **kwargs)[39m
[32m   1356[39m     estimator._validate_params()
[32m   1358[39m [38;5;28;01mwith[39;00m config_context(
[32m   1359[39m     skip_parameter_validation=(
[32m   1360[39m         prefer_skip_nested_validation [38;5;129;01mor[39;00m global_skip_validation
[32m   1361[39m     )
[32m   1362[39m ):
[32m-> [39m[32m1363[39m     [38;5;28;01mreturn[39;00m [43mfit_method[49m[43m([49m[43mestimator[49m[43m,[49m[43m [49m[43m*[49m[43margs[49m[43m,[49m[43m [49m[43m*[49m[43m*[49m[43mkwargs[49m[43m)[49m

[36mFile [39m[32m~/.python/current/lib/python3.12/site-packages/imblearn/base.py:105[39m, in [36mSamplerMixin.fit_resample[39m[34m(self, X, y, **params)[39m
[32m     99[39m X, y, binarize_y = [38;5;28mself[39m._check_X_y(X, y)
[32m    101[39m [38;5;28mself[39m.sampling_strategy_ = check_sampling_strategy(
[32m    102[39m     [38;5;28mself[39m.sampling_strategy, y, [38;5;28mself[39m._sampling_type
[32m    103[39m )
[32m--> [39m[32m105[39m output = [38;5;28;43mself[39;49m[43m.[49m[43m_fit_resample[49m[43m([49m[43mX[49m[43m,[49m[43m [49m[43my[49m[43m,[49m[43m [49m[43m*[49m[43m*[49m[43mparams[49m[43m)[49m
[32m    107[39m y_ = (
[32m    108[39m     label_binarize(output[[32m1[39m], classes=np.unique(y)) [38;5;28;01mif[39;00m binarize_y [38;5;28;01melse[39;00m output[[32m1[39m]
[32m    109[39m )
[32m    111[39m X_, y_ = arrays_transformer.transform(output[[32m0[39m], y_)

[36mFile [39m[32m~/.python/current/lib/python3.12/site-packages/imblearn/over_sampling/_adasyn.py:180[39m, in [36mADASYN._fit_resample[39m[34m(self, X, y)[39m
[32m    177[39m [38;5;66;03m# the nearest neighbors need to be fitted only on the current class[39;00m
[32m    178[39m [38;5;66;03m# to find the class NN to generate new samples[39;00m
[32m    179[39m [38;5;28mself[39m.nn_.fit(X_class)
[32m--> [39m[32m180[39m nns = [38;5;28;43mself[39;49m[43m.[49m[43mnn_[49m[43m.[49m[43mkneighbors[49m[43m([49m[43mX_class[49m[43m,[49m[43m [49m[43mreturn_distance[49m[43m=[49m[38;5;28;43;01mFalse[39;49;00m[43m)[49m[:, [32m1[39m:]
[32m    182[39m enumerated_class_indices = np.arange([38;5;28mlen[39m(target_class_indices))
[32m    183[39m rows = np.repeat(enumerated_class_indices, n_samples_generate)

[36mFile [39m[32m~/.local/lib/python3.12/site-packages/sklearn/neighbors/_base.py:854[39m, in [36mKNeighborsMixin.kneighbors[39m[34m(self, X, n_neighbors, return_distance)[39m
[32m    852[39m     [38;5;28;01melse[39;00m:
[32m    853[39m         inequality_str = [33m"[39m[33mn_neighbors <= n_samples_fit[39m[33m"[39m
[32m--> [39m[32m854[39m     [38;5;28;01mraise[39;00m [38;5;167;01mValueError[39;00m(
[32m    855[39m         [33mf[39m[33m"[39m[33mExpected [39m[38;5;132;01m{[39;00minequality_str[38;5;132;01m}[39;00m[33m, but [39m[33m"[39m
[32m    856[39m         [33mf[39m[33m"[39m[33mn_neighbors = [39m[38;5;132;01m{[39;00mn_neighbors[38;5;132;01m}[39;00m[33m, n_samples_fit = [39m[38;5;132;01m{[39;00mn_samples_fit[38;5;132;01m}[39;00m[33m, [39m[33m"[39m
[32m    857[39m         [33mf[39m[33m"[39m[33mn_samples = [39m[38;5;132;01m{[39;00mX.shape[[32m0[39m][38;5;132;01m}[39;00m[33m"[39m  [38;5;66;03m# include n_samples for common tests[39;00m
[32m    858[39m     )
[32m    860[39m n_jobs = effective_n_jobs([38;5;28mself[39m.n_jobs)
[32m    861[39m chunked_results = [38;5;28;01mNone[39;00m

[31mValueError[39m: Expected n_neighbors <= n_samples_fit, but n_neighbors = 3, n_samples_fit = 2, n_samples = 2

